{"D:\\rss\\react\\rs-react-2023\\src\\components\\Card.tsx": {"path":"D:\\rss\\react\\rs-react-2023\\src\\components\\Card.tsx","all":false,"statementMap":{"0":{"start":{"line":1,"column":0},"end":{"line":1,"column":26}},"1":{"start":{"line":2,"column":0},"end":{"line":2,"column":38}},"2":{"start":{"line":3,"column":0},"end":{"line":3,"column":0}},"3":{"start":{"line":4,"column":0},"end":{"line":4,"column":38}},"4":{"start":{"line":5,"column":0},"end":{"line":5,"column":10}},"5":{"start":{"line":6,"column":0},"end":{"line":6,"column":51}},"6":{"start":{"line":7,"column":0},"end":{"line":7,"column":59}},"7":{"start":{"line":8,"column":0},"end":{"line":8,"column":28}},"8":{"start":{"line":9,"column":0},"end":{"line":9,"column":29}},"9":{"start":{"line":10,"column":0},"end":{"line":10,"column":12}},"10":{"start":{"line":11,"column":0},"end":{"line":11,"column":10}},"11":{"start":{"line":12,"column":0},"end":{"line":12,"column":4}},"12":{"start":{"line":13,"column":0},"end":{"line":13,"column":2}},"13":{"start":{"line":14,"column":0},"end":{"line":14,"column":0}},"14":{"start":{"line":15,"column":0},"end":{"line":15,"column":20}}},"s":{"0":1,"1":1,"2":1,"3":1,"4":0,"5":0,"6":0,"7":0,"8":0,"9":0,"10":0,"11":0,"12":0,"13":1,"14":1},"branchMap":{},"b":{},"fnMap":{"0":{"name":"Card","decl":{"start":{"line":4,"column":13},"end":{"line":13,"column":2}},"loc":{"start":{"line":4,"column":13},"end":{"line":13,"column":2}},"line":4}},"f":{"0":0}}
,"D:\\rss\\react\\rs-react-2023\\src\\components\\CardsContainer.tsx": {"path":"D:\\rss\\react\\rs-react-2023\\src\\components\\CardsContainer.tsx","all":false,"statementMap":{"0":{"start":{"line":1,"column":0},"end":{"line":1,"column":26}},"1":{"start":{"line":2,"column":0},"end":{"line":2,"column":26}},"2":{"start":{"line":3,"column":0},"end":{"line":3,"column":36}},"3":{"start":{"line":4,"column":0},"end":{"line":4,"column":0}},"4":{"start":{"line":5,"column":0},"end":{"line":5,"column":67}},"5":{"start":{"line":6,"column":0},"end":{"line":6,"column":10}},"6":{"start":{"line":7,"column":0},"end":{"line":7,"column":82}},"7":{"start":{"line":8,"column":0},"end":{"line":8,"column":99}},"8":{"start":{"line":9,"column":0},"end":{"line":9,"column":10}},"9":{"start":{"line":10,"column":0},"end":{"line":10,"column":4}},"10":{"start":{"line":11,"column":0},"end":{"line":11,"column":2}},"11":{"start":{"line":12,"column":0},"end":{"line":12,"column":30}}},"s":{"0":1,"1":1,"2":1,"3":1,"4":1,"5":0,"6":0,"7":0,"8":0,"9":0,"10":0,"11":1},"branchMap":{},"b":{},"fnMap":{"0":{"name":"CardsContainer","decl":{"start":{"line":5,"column":23},"end":{"line":11,"column":2}},"loc":{"start":{"line":5,"column":23},"end":{"line":11,"column":2}},"line":5}},"f":{"0":0}}
,"D:\\rss\\react\\rs-react-2023\\src\\components\\FullInfoCard.tsx": {"path":"D:\\rss\\react\\rs-react-2023\\src\\components\\FullInfoCard.tsx","all":false,"statementMap":{"0":{"start":{"line":1,"column":0},"end":{"line":1,"column":26}},"1":{"start":{"line":2,"column":0},"end":{"line":2,"column":37}},"2":{"start":{"line":3,"column":0},"end":{"line":3,"column":0}},"3":{"start":{"line":4,"column":0},"end":{"line":4,"column":71}},"4":{"start":{"line":5,"column":0},"end":{"line":5,"column":10}},"5":{"start":{"line":6,"column":0},"end":{"line":6,"column":85}},"6":{"start":{"line":7,"column":0},"end":{"line":7,"column":33}},"7":{"start":{"line":8,"column":0},"end":{"line":8,"column":60}},"8":{"start":{"line":9,"column":0},"end":{"line":9,"column":30}},"9":{"start":{"line":10,"column":0},"end":{"line":10,"column":30}},"10":{"start":{"line":11,"column":0},"end":{"line":11,"column":30}},"11":{"start":{"line":12,"column":0},"end":{"line":12,"column":31}},"12":{"start":{"line":13,"column":0},"end":{"line":13,"column":28}},"13":{"start":{"line":14,"column":0},"end":{"line":14,"column":37}},"14":{"start":{"line":15,"column":0},"end":{"line":15,"column":35}},"15":{"start":{"line":16,"column":0},"end":{"line":16,"column":30}},"16":{"start":{"line":17,"column":0},"end":{"line":17,"column":14}},"17":{"start":{"line":18,"column":0},"end":{"line":18,"column":48}},"18":{"start":{"line":19,"column":0},"end":{"line":19,"column":12}},"19":{"start":{"line":20,"column":0},"end":{"line":20,"column":10}},"20":{"start":{"line":21,"column":0},"end":{"line":21,"column":4}},"21":{"start":{"line":22,"column":0},"end":{"line":22,"column":2}},"22":{"start":{"line":23,"column":0},"end":{"line":23,"column":0}},"23":{"start":{"line":24,"column":0},"end":{"line":24,"column":28}}},"s":{"0":1,"1":1,"2":1,"3":1,"4":0,"5":0,"6":0,"7":0,"8":0,"9":0,"10":0,"11":0,"12":0,"13":0,"14":0,"15":0,"16":0,"17":0,"18":0,"19":0,"20":0,"21":0,"22":1,"23":1},"branchMap":{},"b":{},"fnMap":{"0":{"name":"FullInfoCard","decl":{"start":{"line":4,"column":21},"end":{"line":22,"column":2}},"loc":{"start":{"line":4,"column":21},"end":{"line":22,"column":2}},"line":4}},"f":{"0":0}}
,"D:\\rss\\react\\rs-react-2023\\src\\components\\Search.tsx": {"path":"D:\\rss\\react\\rs-react-2023\\src\\components\\Search.tsx","all":false,"statementMap":{"0":{"start":{"line":1,"column":0},"end":{"line":1,"column":51}},"1":{"start":{"line":2,"column":0},"end":{"line":2,"column":45}},"2":{"start":{"line":3,"column":0},"end":{"line":3,"column":18}},"3":{"start":{"line":4,"column":0},"end":{"line":4,"column":39}},"4":{"start":{"line":5,"column":0},"end":{"line":5,"column":2}},"5":{"start":{"line":6,"column":0},"end":{"line":6,"column":0}},"6":{"start":{"line":7,"column":0},"end":{"line":7,"column":49}},"7":{"start":{"line":8,"column":0},"end":{"line":8,"column":83}},"8":{"start":{"line":9,"column":0},"end":{"line":9,"column":19}},"9":{"start":{"line":10,"column":0},"end":{"line":10,"column":18}},"10":{"start":{"line":11,"column":0},"end":{"line":11,"column":48}},"11":{"start":{"line":12,"column":0},"end":{"line":12,"column":6}},"12":{"start":{"line":13,"column":0},"end":{"line":13,"column":18}},"13":{"start":{"line":14,"column":0},"end":{"line":14,"column":57}},"14":{"start":{"line":15,"column":0},"end":{"line":15,"column":32}},"15":{"start":{"line":16,"column":0},"end":{"line":16,"column":30}},"16":{"start":{"line":17,"column":0},"end":{"line":17,"column":5}},"17":{"start":{"line":18,"column":0},"end":{"line":18,"column":4}},"18":{"start":{"line":19,"column":0},"end":{"line":19,"column":10}},"19":{"start":{"line":20,"column":0},"end":{"line":20,"column":28}},"20":{"start":{"line":21,"column":0},"end":{"line":21,"column":30}},"21":{"start":{"line":22,"column":0},"end":{"line":22,"column":56}},"22":{"start":{"line":23,"column":0},"end":{"line":23,"column":14}},"23":{"start":{"line":24,"column":0},"end":{"line":24,"column":12}},"24":{"start":{"line":25,"column":0},"end":{"line":25,"column":19}},"25":{"start":{"line":26,"column":0},"end":{"line":26,"column":21}},"26":{"start":{"line":27,"column":0},"end":{"line":27,"column":25}},"27":{"start":{"line":28,"column":0},"end":{"line":28,"column":26}},"28":{"start":{"line":29,"column":0},"end":{"line":29,"column":39}},"29":{"start":{"line":30,"column":0},"end":{"line":30,"column":10}},"30":{"start":{"line":31,"column":0},"end":{"line":31,"column":43}},"31":{"start":{"line":32,"column":0},"end":{"line":32,"column":8}},"32":{"start":{"line":33,"column":0},"end":{"line":33,"column":10}},"33":{"start":{"line":34,"column":0},"end":{"line":34,"column":4}},"34":{"start":{"line":35,"column":0},"end":{"line":35,"column":2}},"35":{"start":{"line":36,"column":0},"end":{"line":36,"column":0}},"36":{"start":{"line":37,"column":0},"end":{"line":37,"column":22}}},"s":{"0":1,"1":1,"2":1,"3":1,"4":1,"5":1,"6":1,"7":3,"8":3,"9":2,"10":2,"11":2,"12":3,"13":3,"14":0,"15":0,"16":0,"17":0,"18":3,"19":3,"20":3,"21":3,"22":3,"23":3,"24":3,"25":3,"26":3,"27":3,"28":0,"29":0,"30":3,"31":3,"32":3,"33":3,"34":3,"35":1,"36":1},"branchMap":{"0":{"type":"branch","line":7,"loc":{"start":{"line":7,"column":15},"end":{"line":35,"column":2}},"locations":[{"start":{"line":7,"column":15},"end":{"line":35,"column":2}}]},"1":{"type":"branch","line":8,"loc":{"start":{"line":8,"column":74},"end":{"line":8,"column":81}},"locations":[{"start":{"line":8,"column":74},"end":{"line":8,"column":81}}]},"2":{"type":"branch","line":9,"loc":{"start":{"line":9,"column":12},"end":{"line":13,"column":5}},"locations":[{"start":{"line":9,"column":12},"end":{"line":13,"column":5}}]},"3":{"type":"branch","line":10,"loc":{"start":{"line":10,"column":11},"end":{"line":12,"column":6}},"locations":[{"start":{"line":10,"column":11},"end":{"line":12,"column":6}}]}},"b":{"0":[3],"1":[1],"2":[2],"3":[2]},"fnMap":{"0":{"name":"Search","decl":{"start":{"line":7,"column":15},"end":{"line":35,"column":2}},"loc":{"start":{"line":7,"column":15},"end":{"line":35,"column":2}},"line":7},"1":{"name":"handleKeyDown","decl":{"start":{"line":14,"column":24},"end":{"line":18,"column":4}},"loc":{"start":{"line":14,"column":24},"end":{"line":18,"column":4}},"line":14},"2":{"name":"onChange","decl":{"start":{"line":28,"column":18},"end":{"line":30,"column":10}},"loc":{"start":{"line":28,"column":18},"end":{"line":30,"column":10}},"line":28},"3":{"name":"onKeyDown","decl":{"start":{"line":31,"column":19},"end":{"line":31,"column":43}},"loc":{"start":{"line":31,"column":19},"end":{"line":31,"column":43}},"line":31}},"f":{"0":3,"1":0,"2":0,"3":0}}
,"D:\\rss\\react\\rs-react-2023\\src\\pages\\Main.tsx": {"path":"D:\\rss\\react\\rs-react-2023\\src\\pages\\Main.tsx","all":false,"statementMap":{"0":{"start":{"line":1,"column":0},"end":{"line":1,"column":58}},"1":{"start":{"line":2,"column":0},"end":{"line":2,"column":54}},"2":{"start":{"line":3,"column":0},"end":{"line":3,"column":51}},"3":{"start":{"line":4,"column":0},"end":{"line":4,"column":42}},"4":{"start":{"line":5,"column":0},"end":{"line":5,"column":47}},"5":{"start":{"line":6,"column":0},"end":{"line":6,"column":33}},"6":{"start":{"line":7,"column":0},"end":{"line":7,"column":0}},"7":{"start":{"line":8,"column":0},"end":{"line":8,"column":20}},"8":{"start":{"line":9,"column":0},"end":{"line":9,"column":53}},"9":{"start":{"line":10,"column":0},"end":{"line":10,"column":51}},"10":{"start":{"line":11,"column":0},"end":{"line":11,"column":52}},"11":{"start":{"line":12,"column":0},"end":{"line":12,"column":49}},"12":{"start":{"line":13,"column":0},"end":{"line":13,"column":39}},"13":{"start":{"line":14,"column":0},"end":{"line":14,"column":0}},"14":{"start":{"line":15,"column":0},"end":{"line":15,"column":48}},"15":{"start":{"line":16,"column":0},"end":{"line":16,"column":23}},"16":{"start":{"line":17,"column":0},"end":{"line":17,"column":54}},"17":{"start":{"line":18,"column":0},"end":{"line":18,"column":24}},"18":{"start":{"line":19,"column":0},"end":{"line":19,"column":7}},"19":{"start":{"line":20,"column":0},"end":{"line":20,"column":15}},"20":{"start":{"line":21,"column":0},"end":{"line":21,"column":29}},"21":{"start":{"line":22,"column":0},"end":{"line":22,"column":19}},"22":{"start":{"line":23,"column":0},"end":{"line":23,"column":5}},"23":{"start":{"line":24,"column":0},"end":{"line":24,"column":24}},"24":{"start":{"line":25,"column":0},"end":{"line":25,"column":4}},"25":{"start":{"line":26,"column":0},"end":{"line":26,"column":71}},"26":{"start":{"line":27,"column":0},"end":{"line":27,"column":58}},"27":{"start":{"line":28,"column":0},"end":{"line":28,"column":13}},"28":{"start":{"line":29,"column":0},"end":{"line":29,"column":44}},"29":{"start":{"line":30,"column":0},"end":{"line":30,"column":24}},"30":{"start":{"line":31,"column":0},"end":{"line":31,"column":25}},"31":{"start":{"line":32,"column":0},"end":{"line":32,"column":5}},"32":{"start":{"line":33,"column":0},"end":{"line":33,"column":4}},"33":{"start":{"line":34,"column":0},"end":{"line":34,"column":71}},"34":{"start":{"line":35,"column":0},"end":{"line":35,"column":76}},"35":{"start":{"line":36,"column":0},"end":{"line":36,"column":79}},"36":{"start":{"line":37,"column":0},"end":{"line":37,"column":29}},"37":{"start":{"line":38,"column":0},"end":{"line":38,"column":26}},"38":{"start":{"line":39,"column":0},"end":{"line":39,"column":5}},"39":{"start":{"line":40,"column":0},"end":{"line":40,"column":4}},"40":{"start":{"line":41,"column":0},"end":{"line":41,"column":19}},"41":{"start":{"line":42,"column":0},"end":{"line":42,"column":21}},"42":{"start":{"line":43,"column":0},"end":{"line":43,"column":9}},"43":{"start":{"line":44,"column":0},"end":{"line":44,"column":10}},"44":{"start":{"line":45,"column":0},"end":{"line":45,"column":27}},"45":{"start":{"line":46,"column":0},"end":{"line":46,"column":44}},"46":{"start":{"line":47,"column":0},"end":{"line":47,"column":42}},"47":{"start":{"line":48,"column":0},"end":{"line":48,"column":39}},"48":{"start":{"line":49,"column":0},"end":{"line":49,"column":74}},"49":{"start":{"line":50,"column":0},"end":{"line":50,"column":8}},"50":{"start":{"line":51,"column":0},"end":{"line":51,"column":47}},"51":{"start":{"line":52,"column":0},"end":{"line":52,"column":86}},"52":{"start":{"line":53,"column":0},"end":{"line":53,"column":8}},"53":{"start":{"line":54,"column":0},"end":{"line":54,"column":41}},"54":{"start":{"line":55,"column":0},"end":{"line":55,"column":11}},"55":{"start":{"line":56,"column":0},"end":{"line":56,"column":4}},"56":{"start":{"line":57,"column":0},"end":{"line":57,"column":2}},"57":{"start":{"line":58,"column":0},"end":{"line":58,"column":20}}},"s":{"0":1,"1":1,"2":1,"3":1,"4":1,"5":1,"6":1,"7":1,"8":4,"9":4,"10":4,"11":4,"12":4,"13":4,"14":4,"15":2,"16":2,"17":2,"18":2,"19":2,"20":0,"21":0,"22":0,"23":2,"24":2,"25":4,"26":0,"27":0,"28":0,"29":0,"30":0,"31":0,"32":0,"33":4,"34":0,"35":0,"36":0,"37":0,"38":0,"39":0,"40":4,"41":2,"42":4,"43":4,"44":4,"45":4,"46":4,"47":4,"48":0,"49":4,"50":4,"51":0,"52":4,"53":4,"54":4,"55":4,"56":4,"57":1},"branchMap":{"0":{"type":"branch","line":8,"loc":{"start":{"line":8,"column":13},"end":{"line":57,"column":2}},"locations":[{"start":{"line":8,"column":13},"end":{"line":57,"column":2}}]},"1":{"type":"branch","line":47,"loc":{"start":{"line":47,"column":7},"end":{"line":47,"column":42}},"locations":[{"start":{"line":47,"column":7},"end":{"line":47,"column":42}}]},"2":{"type":"branch","line":48,"loc":{"start":{"line":48,"column":8},"end":{"line":48,"column":29}},"locations":[{"start":{"line":48,"column":8},"end":{"line":48,"column":29}}]},"3":{"type":"branch","line":48,"loc":{"start":{"line":48,"column":22},"end":{"line":48,"column":39}},"locations":[{"start":{"line":48,"column":22},"end":{"line":48,"column":39}}]},"4":{"type":"branch","line":48,"loc":{"start":{"line":48,"column":29},"end":{"line":49,"column":74}},"locations":[{"start":{"line":48,"column":29},"end":{"line":49,"column":74}}]},"5":{"type":"branch","line":51,"loc":{"start":{"line":51,"column":8},"end":{"line":51,"column":33}},"locations":[{"start":{"line":51,"column":8},"end":{"line":51,"column":33}}]},"6":{"type":"branch","line":51,"loc":{"start":{"line":51,"column":21},"end":{"line":51,"column":47}},"locations":[{"start":{"line":51,"column":21},"end":{"line":51,"column":47}}]},"7":{"type":"branch","line":51,"loc":{"start":{"line":51,"column":33},"end":{"line":52,"column":86}},"locations":[{"start":{"line":51,"column":33},"end":{"line":52,"column":86}}]},"8":{"type":"branch","line":54,"loc":{"start":{"line":54,"column":8},"end":{"line":54,"column":28}},"locations":[{"start":{"line":54,"column":8},"end":{"line":54,"column":28}}]},"9":{"type":"branch","line":54,"loc":{"start":{"line":54,"column":21},"end":{"line":54,"column":41}},"locations":[{"start":{"line":54,"column":21},"end":{"line":54,"column":41}}]},"10":{"type":"branch","line":15,"loc":{"start":{"line":15,"column":23},"end":{"line":25,"column":4}},"locations":[{"start":{"line":15,"column":23},"end":{"line":25,"column":4}}]},"11":{"type":"branch","line":20,"loc":{"start":{"line":20,"column":14},"end":{"line":23,"column":5}},"locations":[{"start":{"line":20,"column":14},"end":{"line":23,"column":5}}]},"12":{"type":"branch","line":17,"loc":{"start":{"line":17,"column":46},"end":{"line":19,"column":5}},"locations":[{"start":{"line":17,"column":46},"end":{"line":19,"column":5}}]},"13":{"type":"branch","line":41,"loc":{"start":{"line":41,"column":12},"end":{"line":43,"column":5}},"locations":[{"start":{"line":41,"column":12},"end":{"line":43,"column":5}}]}},"b":{"0":[4],"1":[2],"2":[1],"3":[0],"4":[0],"5":[1],"6":[0],"7":[0],"8":[1],"9":[1],"10":[2],"11":[0],"12":[2],"13":[2]},"fnMap":{"0":{"name":"Main","decl":{"start":{"line":8,"column":13},"end":{"line":57,"column":2}},"loc":{"start":{"line":8,"column":13},"end":{"line":57,"column":2}},"line":8},"1":{"name":"handleSearch","decl":{"start":{"line":15,"column":23},"end":{"line":25,"column":4}},"loc":{"start":{"line":15,"column":23},"end":{"line":25,"column":4}},"line":15},"2":{"name":"fetchSingleCard","decl":{"start":{"line":26,"column":26},"end":{"line":33,"column":4}},"loc":{"start":{"line":26,"column":26},"end":{"line":33,"column":4}},"line":26},"3":{"name":"handleCloseSingleCard","decl":{"start":{"line":34,"column":32},"end":{"line":40,"column":4}},"loc":{"start":{"line":34,"column":32},"end":{"line":40,"column":4}},"line":34}},"f":{"0":4,"1":2,"2":0,"3":0}}
,"D:\\rss\\react\\rs-react-2023\\src\\pages\\fetch.ts": {"path":"D:\\rss\\react\\rs-react-2023\\src\\pages\\fetch.ts","all":false,"statementMap":{"0":{"start":{"line":1,"column":0},"end":{"line":1,"column":57}},"1":{"start":{"line":2,"column":0},"end":{"line":2,"column":83}},"2":{"start":{"line":3,"column":0},"end":{"line":3,"column":79}},"3":{"start":{"line":4,"column":0},"end":{"line":4,"column":16}},"4":{"start":{"line":5,"column":0},"end":{"line":5,"column":38}},"5":{"start":{"line":6,"column":0},"end":{"line":6,"column":29}},"6":{"start":{"line":7,"column":0},"end":{"line":7,"column":3}},"7":{"start":{"line":8,"column":0},"end":{"line":8,"column":32}},"8":{"start":{"line":9,"column":0},"end":{"line":9,"column":14}},"9":{"start":{"line":10,"column":0},"end":{"line":10,"column":2}},"10":{"start":{"line":11,"column":0},"end":{"line":11,"column":26}}},"s":{"0":1,"1":2,"2":0,"3":0,"4":0,"5":0,"6":0,"7":0,"8":0,"9":0,"10":1},"branchMap":{"0":{"type":"branch","line":1,"loc":{"start":{"line":1,"column":56},"end":{"line":10,"column":2}},"locations":[{"start":{"line":1,"column":56},"end":{"line":10,"column":2}}]},"1":{"type":"branch","line":2,"loc":{"start":{"line":2,"column":81},"end":{"line":10,"column":2}},"locations":[{"start":{"line":2,"column":81},"end":{"line":10,"column":2}}]}},"b":{"0":[2],"1":[0]},"fnMap":{"0":{"name":"fetchCards","decl":{"start":{"line":1,"column":56},"end":{"line":10,"column":2}},"loc":{"start":{"line":1,"column":56},"end":{"line":10,"column":2}},"line":1}},"f":{"0":2}}
}
